14:22:59 [Proc:Seq] >>>>>>>>>>>>>>>>>>>>>>>  Logging Started  <<<<<<<<<<<<<<<<<<<<<<<<
14:22:59 [Proc:Seq] Build date time: Jan 20 2014 17:00:01 th=2504
14:22:59 [Proc:Seq] File Version: 3.1.1.4
          th=2504
14:22:59 [Debug:E30] Reading file(C:\XGEM\AMT_UF200\AMT_UF200\XCfg\Host.cfg)
14:22:59 [Debug:E30] [General]
14:22:59 [Debug:E30] 	Host=false
14:22:59 [Debug:E30] 	HSMS=true
14:22:59 [Debug:E30] 	Device ID=0
14:23:00 [Debug:E30] 	Queue=2000000
14:23:00 [Debug:E30] 	SML=Host.sml
14:23:00 [Debug:E30] 	SkipSMLCheck=false
14:23:00 [Debug:E30] [HSMS]
14:23:00 [Debug:E30] 	IP=127.0.0.1
14:23:00 [Debug:E30] 	Port=6000
14:23:00 [Debug:E30] 	Active=false
14:23:00 [Debug:E30] [SECS-I]
14:23:00 [Debug:E30] 	Master=true
14:23:00 [Debug:E30] 	Comm=1
14:23:00 [Debug:E30] 	Baud=9600
14:23:00 [Debug:E30] 	Parity=None
14:23:00 [Debug:E30] 	Data Bits=8
14:23:00 [Debug:E30] 	Stop Bits=2
14:23:00 [Debug:E30] [Timeout]
14:23:00 [Debug:E30] 	T1=1
14:23:00 [Debug:E30] 	T2=10
14:23:00 [Debug:E30] 	T3=45
14:23:00 [Debug:E30] 	T4=30
14:23:00 [Debug:E30] 	T5=10
14:23:00 [Debug:E30] 	T6=5
14:23:00 [Debug:E30] 	T7=10
14:23:00 [Debug:E30] 	T8=5
14:23:00 [Debug:E30] 	Link Test Interval=30
14:23:00 [Debug:E30] 	Retry Limit=0
14:23:00 [Debug:E30] [Log]
14:23:00 [Debug:E30] 	Hex=true
14:23:00 [Debug:E30] 	SECS-II=true
14:23:00 [Debug:E30] 	Event=true
14:23:00 [Debug:E30] 	Alarm=true
14:23:00 [Debug:E30] 	Hour=true
14:23:00 [Debug:E30] 	Keep Days=30
14:23:00 [Debug:E30] 	Dir=./Log/XCom
14:23:00 [Debug:E30] 	Prefix=Xcom
14:23:00 [Debug:E30] 	Extension=log
14:23:00 [Debug:E30] 	UseLogByMesg=false
14:23:00 [Debug:E30] 	LogByMesgFlagPath=Host.lbm
14:23:00 [Debug:E30] 	SECS-II-Summary=false
14:23:00 [Debug:E30] [S9 Reply]
14:23:00 [Debug:E30] 	S9F1=true
14:23:00 [Debug:E30] 	S9F3=true
14:23:00 [Debug:E30] 	S9F5=true
14:23:00 [Debug:E30] 	S9F7=true
14:23:00 [Alarm:000000] Success to open database(MDB). th=2504
14:23:00 [Debug:LDBInterface] Start to reading module information from database(mdb file).
14:23:00 [Debug:LDBInterface] 	0000    ModuleInfo=E30, Section=DynamicEvent, Key=OperationType, KeyValue=1
14:23:00 [Debug:LDBInterface] 	0001    ModuleInfo=E30, Section=Spool, Key=OperationType, KeyValue=1
14:23:00 [Debug:LDBInterface] 	0002    ModuleInfo=E30, Section=Spool, Key=Max Spool Messages, KeyValue=300
14:23:00 [Debug:LDBInterface] 	0003    ModuleInfo=E30, Section=Spool, Key=IntervalTime, KeyValue=0
14:23:00 [Debug:LDBInterface] 	0004    ModuleInfo=E30, Section=SecondaryMsgReceived, Key=S6F12, KeyValue=1
14:23:00 [Debug:LDBInterface] 	0005    ModuleInfo=E30, Section=ProcessProgram, Key=S7F5/F6, KeyValue=1
14:23:00 [Debug:LDBInterface] 	0006    ModuleInfo=E30, Section=Trace, Key=MaxTraceCount, KeyValue=20
14:23:00 [Debug:LDBInterface] 	0007    ModuleInfo=E30, Section=ProcessProgram, Key=FormattedPPType, KeyValue=1
14:23:00 [Debug:LDBInterface] 	0008    ModuleInfo=E30, Section=Alarm, Key=OperationType, KeyValue=1
14:23:00 [Debug:LDBInterface] 	0009    ModuleInfo=E30, Section=ControlState, Key=SendS1F1, KeyValue=1
14:23:00 [Debug:LDBInterface] 	0010    ModuleInfo=E30, Section=ControlState, Key=S1F17ReplyType, KeyValue=1
14:23:00 [Debug:LDBInterface] 	0011    ModuleInfo=E30, Section=ControlState, Key=S1F15ReplyType, KeyValue=1
14:23:00 [Debug:LDBInterface] 	0012    ModuleInfo=E30, Section=ControlState, Key=OperationType, KeyValue=1
14:23:00 [Debug:LDBInterface] 	0013    ModuleInfo=E30, Section=CommunicationOffline, Key=S2F25, KeyValue=1
14:23:00 [Debug:LDBInterface] 	0014    ModuleInfo=E30, Section=Alarm, Key=S5F5, KeyValue=1
14:23:00 [Debug:LDBInterface] 	0015    ModuleInfo=E30, Section=ProcessProgram, Key=S7F3/F4, KeyValue=1
14:23:00 [Debug:LDBInterface] Complete to reading module information from database(mdb file).
14:23:00 [Debug:LDBInterface] Start to reading collection event information from database(mdb file).
14:23:00 [Debug:LDBInterface] 	0000    ID=1, NAME=Offline, Enabled=1, RPTIDs=U4:4
14:23:00 [Debug:LDBInterface] 	0001    ID=2, NAME=Local, Enabled=1, RPTIDs=U4:4
14:23:00 [Debug:LDBInterface] 	0002    ID=3, NAME=Remote, Enabled=1, RPTIDs=U4:4
14:23:00 [Debug:LDBInterface] 	0003    ID=4, NAME=OperatorCommand, Enabled=1, RPTIDs=U4:2
14:23:00 [Debug:LDBInterface] 	0004    ID=8, NAME=EquipmentConstantChanged, Enabled=1, RPTIDs=U4:5
14:23:00 [Debug:LDBInterface] 	0005    ID=9, NAME=ProcessProgramChanged, Enabled=1, RPTIDs=U4:8
14:23:00 [Debug:LDBInterface] 	0006    ID=10, NAME=ProcessRecipeSeleted, Enabled=1, RPTIDs=NA:
14:23:00 [Debug:LDBInterface] 	0007    ID=11, NAME=MaterialReceived, Enabled=1, RPTIDs=U4:10
14:23:00 [Debug:LDBInterface] 	0008    ID=12, NAME=MaterialRemoved, Enabled=1, RPTIDs=U4:10
14:23:00 [Debug:LDBInterface] 	0009    ID=13, NAME=SpoolActivated, Enabled=1, RPTIDs=U4:11
14:23:00 [Debug:LDBInterface] 	0010    ID=14, NAME=SpoolDeactivated, Enabled=1, RPTIDs=U4:12
14:23:00 [Debug:LDBInterface] 	0011    ID=15, NAME=SpoolTransmitFailure, Enabled=1, RPTIDs=U4:13
14:23:00 [Debug:LDBInterface] 	0012    ID=16, NAME=MessageRecognition, Enabled=1, RPTIDs=U4:1
14:23:00 [Debug:LDBInterface] 	0013    ID=1001, NAME=Equipment State Change, Enabled=1, RPTIDs=U4:1000
14:23:00 [Debug:LDBInterface] 	0014    ID=1002, NAME=Lot End, Enabled=1, RPTIDs=U4:1001
14:23:00 [Debug:LDBInterface] 	0015    ID=1003, NAME=PCB Out, Enabled=1, RPTIDs=U4:1002
14:23:00 [Debug:LDBInterface] 	0016    ID=1100, NAME=ProcessProgramSelect, Enabled=1, RPTIDs=U4:1005
14:23:00 [Debug:LDBInterface] 	0017    ID=1000000, NAME=AlarmSet, Enabled=1, RPTIDs=U4:6
14:23:00 [Debug:LDBInterface] 	0018    ID=2000000, NAME=AlarmClear, Enabled=1, RPTIDs=U4:6
14:23:00 [Debug:LDBInterface] 	0019    ID=3000000, NAME=EventLimit, Enabled=1, RPTIDs=U4:7
14:23:00 [Debug:LDBInterface] Complete to reading collection event information from database(mdb file).
14:23:00 [Debug:LDBInterface] Start to reading report information from database(mdb file).
14:23:00 [Debug:LDBInterface] 	0000    RPTID=1, VIDs=U4:1
14:23:00 [Debug:LDBInterface] 	0001    RPTID=2, VIDs=NA:
14:23:00 [Debug:LDBInterface] 	0002    RPTID=4, VIDs=U4:4 34 1
14:23:00 [Debug:LDBInterface] 	0003    RPTID=5, VIDs=U4:25
14:23:00 [Debug:LDBInterface] 	0004    RPTID=6, VIDs=U4:24 2 6
14:23:00 [Debug:LDBInterface] 	0005    RPTID=7, VIDs=U4:26 27 32
14:23:00 [Debug:LDBInterface] 	0006    RPTID=8, VIDs=U4:29 30
14:23:00 [Debug:LDBInterface] 	0007    RPTID=10, VIDs=U4:33
14:23:00 [Debug:LDBInterface] 	0008    RPTID=11, VIDs=U4:17 16 11 12
14:23:00 [Debug:LDBInterface] 	0009    RPTID=12, VIDs=U4:12
14:23:00 [Debug:LDBInterface] 	0010    RPTID=13, VIDs=U4:17 16 13 11 12
14:23:00 [Debug:LDBInterface] 	0011    RPTID=14, VIDs=U4:6 7
14:23:00 [Debug:LDBInterface] 	0012    RPTID=1000, VIDs=U4:2101 2102
14:23:00 [Debug:LDBInterface] 	0013    RPTID=1001, VIDs=U4:2101 2103 2104 2110 2111 2112 2113
14:23:00 [Debug:LDBInterface] 	0014    RPTID=1002, VIDs=U4:2114 2101 2115
14:23:00 [Debug:LDBInterface] 	0015    RPTID=1005, VIDs=U4:2101 2108
14:23:00 [Debug:LDBInterface] Complete to reading report information from database(mdb file).
14:23:00 [Debug:LDBInterface] Start to reading limitid information from database(mdb file).
14:23:00 [Debug:LDBInterface] Complete to reading limitid information from database(mdb file).
14:23:00 [Debug:LDBInterface] Start to reading alarm information from database(mdb file).
14:23:00 [Debug:LDBInterface] 	0000    ALID=1, ALCD=2, Enabled=1, SetEvent=1000001, ClearEvent=2000001
14:23:00 [Debug:LDBInterface] 	0001    ALID=2, ALCD=2, Enabled=1, SetEvent=1000002, ClearEvent=2000002
14:23:00 [Debug:LDBInterface] 	0002    ALID=3, ALCD=2, Enabled=1, SetEvent=1000003, ClearEvent=2000003
14:23:00 [Debug:LDBInterface] 	0003    ALID=4, ALCD=2, Enabled=1, SetEvent=1000004, ClearEvent=2000004
14:23:00 [Debug:LDBInterface] 	0004    ALID=5, ALCD=2, Enabled=1, SetEvent=1000005, ClearEvent=2000005
14:23:00 [Debug:LDBInterface] 	0005    ALID=6, ALCD=2, Enabled=1, SetEvent=1000006, ClearEvent=2000006
14:23:00 [Debug:LDBInterface] 	0006    ALID=7, ALCD=2, Enabled=1, SetEvent=1000007, ClearEvent=2000007
14:23:00 [Debug:LDBInterface] 	0007    ALID=8, ALCD=2, Enabled=1, SetEvent=1000008, ClearEvent=2000008
14:23:00 [Debug:LDBInterface] 	0008    ALID=9, ALCD=2, Enabled=1, SetEvent=1000009, ClearEvent=2000009
14:23:00 [Debug:LDBInterface] 	0009    ALID=11, ALCD=2, Enabled=1, SetEvent=1000011, ClearEvent=2000011
14:23:00 [Debug:LDBInterface] 	0010    ALID=10001, ALCD=2, Enabled=1, SetEvent=1010001, ClearEvent=2010001
14:23:00 [Debug:LDBInterface] 	0011    ALID=10002, ALCD=2, Enabled=1, SetEvent=1010002, ClearEvent=2010002
14:23:00 [Debug:LDBInterface] 	0012    ALID=10003, ALCD=2, Enabled=1, SetEvent=1010003, ClearEvent=2010003
14:23:00 [Debug:LDBInterface] 	0013    ALID=10004, ALCD=2, Enabled=1, SetEvent=1010004, ClearEvent=2010004
14:23:00 [Debug:LDBInterface] 	0014    ALID=10005, ALCD=2, Enabled=1, SetEvent=1010005, ClearEvent=2010005
14:23:00 [Debug:LDBInterface] 	0015    ALID=10006, ALCD=2, Enabled=1, SetEvent=1010006, ClearEvent=2010006
14:23:00 [Debug:LDBInterface] 	0016    ALID=10007, ALCD=2, Enabled=1, SetEvent=1010007, ClearEvent=2010007
14:23:00 [Debug:LDBInterface] 	0017    ALID=10008, ALCD=2, Enabled=1, SetEvent=1010008, ClearEvent=2010008
14:23:00 [Debug:LDBInterface] 	0018    ALID=10009, ALCD=2, Enabled=1, SetEvent=1010009, ClearEvent=2010009
14:23:00 [Debug:LDBInterface] 	0019    ALID=10011, ALCD=2, Enabled=1, SetEvent=1010011, ClearEvent=2010011
14:23:00 [Debug:LDBInterface] 	0020    ALID=10300, ALCD=2, Enabled=1, SetEvent=1010300, ClearEvent=2010300
14:23:00 [Debug:LDBInterface] 	0021    ALID=10301, ALCD=2, Enabled=1, SetEvent=1010301, ClearEvent=2010301
14:23:00 [Debug:LDBInterface] 	0022    ALID=10302, ALCD=2, Enabled=1, SetEvent=1010302, ClearEvent=2010302
14:23:00 [Debug:LDBInterface] 	0023    ALID=10303, ALCD=2, Enabled=1, SetEvent=1010303, ClearEvent=2010303
14:23:00 [Debug:LDBInterface] 	0024    ALID=10304, ALCD=2, Enabled=1, SetEvent=1010304, ClearEvent=2010304
14:23:00 [Debug:LDBInterface] 	0025    ALID=10305, ALCD=2, Enabled=1, SetEvent=1010305, ClearEvent=2010305
14:23:00 [Debug:LDBInterface] 	0026    ALID=10306, ALCD=2, Enabled=1, SetEvent=1010306, ClearEvent=2010306
14:23:00 [Debug:LDBInterface] 	0027    ALID=10307, ALCD=2, Enabled=1, SetEvent=1010307, ClearEvent=2010307
14:23:00 [Debug:LDBInterface] 	0028    ALID=10308, ALCD=2, Enabled=1, SetEvent=1010308, ClearEvent=2010308
14:23:00 [Debug:LDBInterface] 	0029    ALID=10309, ALCD=2, Enabled=1, SetEvent=1010309, ClearEvent=2010309
14:23:00 [Debug:LDBInterface] 	0030    ALID=10310, ALCD=2, Enabled=1, SetEvent=1010310, ClearEvent=2010310
14:23:00 [Debug:LDBInterface] 	0031    ALID=10311, ALCD=2, Enabled=1, SetEvent=1010311, ClearEvent=2010311
14:23:00 [Debug:LDBInterface] 	0032    ALID=10312, ALCD=7, Enabled=1, SetEvent=1010312, ClearEvent=2010312
14:23:00 [Debug:LDBInterface] 	0033    ALID=10313, ALCD=7, Enabled=1, SetEvent=1010313, ClearEvent=2010313
14:23:00 [Debug:LDBInterface] 	0034    ALID=10314, ALCD=7, Enabled=1, SetEvent=1010314, ClearEvent=2010314
14:23:00 [Debug:LDBInterface] 	0035    ALID=10315, ALCD=2, Enabled=1, SetEvent=1010315, ClearEvent=2010315
14:23:00 [Debug:LDBInterface] 	0036    ALID=10316, ALCD=2, Enabled=1, SetEvent=1010316, ClearEvent=2010316
14:23:00 [Debug:LDBInterface] 	0037    ALID=10317, ALCD=2, Enabled=1, SetEvent=1010317, ClearEvent=2010317
14:23:00 [Debug:LDBInterface] 	0038    ALID=10318, ALCD=2, Enabled=1, SetEvent=1010318, ClearEvent=2010318
14:23:00 [Debug:LDBInterface] 	0039    ALID=10319, ALCD=2, Enabled=1, SetEvent=1010319, ClearEvent=2010319
14:23:00 [Debug:LDBInterface] 	0040    ALID=10320, ALCD=2, Enabled=1, SetEvent=1010320, ClearEvent=2010320
14:23:00 [Debug:LDBInterface] 	0041    ALID=20001, ALCD=2, Enabled=1, SetEvent=1020001, ClearEvent=2020001
14:23:00 [Debug:LDBInterface] 	0042    ALID=20002, ALCD=2, Enabled=1, SetEvent=1020002, ClearEvent=2020002
14:23:00 [Debug:LDBInterface] 	0043    ALID=20003, ALCD=2, Enabled=1, SetEvent=1020003, ClearEvent=2020003
14:23:00 [Debug:LDBInterface] 	0044    ALID=20004, ALCD=2, Enabled=1, SetEvent=1020004, ClearEvent=2020004
14:23:00 [Debug:LDBInterface] 	0045    ALID=20005, ALCD=2, Enabled=1, SetEvent=1020005, ClearEvent=2020005
14:23:00 [Debug:LDBInterface] 	0046    ALID=20006, ALCD=2, Enabled=1, SetEvent=1020006, ClearEvent=2020006
14:23:00 [Debug:LDBInterface] 	0047    ALID=20007, ALCD=2, Enabled=1, SetEvent=1020007, ClearEvent=2020007
14:23:00 [Debug:LDBInterface] 	0048    ALID=20008, ALCD=2, Enabled=1, SetEvent=1020008, ClearEvent=2020008
14:23:00 [Debug:LDBInterface] 	0049    ALID=20009, ALCD=2, Enabled=1, SetEvent=1020009, ClearEvent=2020009
14:23:00 [Debug:LDBInterface] 	0050    ALID=20011, ALCD=2, Enabled=1, SetEvent=1020011, ClearEvent=2020011
14:23:00 [Debug:LDBInterface] 	0051    ALID=30001, ALCD=2, Enabled=1, SetEvent=1030001, ClearEvent=2030001
14:23:00 [Debug:LDBInterface] 	0052    ALID=30002, ALCD=2, Enabled=1, SetEvent=1030002, ClearEvent=2030002
14:23:00 [Debug:LDBInterface] 	0053    ALID=30003, ALCD=2, Enabled=1, SetEvent=1030003, ClearEvent=2030003
14:23:00 [Debug:LDBInterface] 	0054    ALID=30004, ALCD=2, Enabled=1, SetEvent=1030004, ClearEvent=2030004
14:23:00 [Debug:LDBInterface] 	0055    ALID=30005, ALCD=2, Enabled=1, SetEvent=1030005, ClearEvent=2030005
14:23:00 [Debug:LDBInterface] 	0056    ALID=30006, ALCD=2, Enabled=1, SetEvent=1030006, ClearEvent=2030006
14:23:00 [Debug:LDBInterface] 	0057    ALID=30007, ALCD=2, Enabled=1, SetEvent=1030007, ClearEvent=2030007
14:23:00 [Debug:LDBInterface] 	0058    ALID=30008, ALCD=2, Enabled=1, SetEvent=1030008, ClearEvent=2030008
14:23:00 [Debug:LDBInterface] 	0059    ALID=30009, ALCD=2, Enabled=1, SetEvent=1030009, ClearEvent=2030009
14:23:00 [Debug:LDBInterface] 	0060    ALID=30011, ALCD=2, Enabled=1, SetEvent=1030011, ClearEvent=2030011
14:23:00 [Debug:LDBInterface] 	0061    ALID=40001, ALCD=2, Enabled=1, SetEvent=1040001, ClearEvent=2040001
14:23:00 [Debug:LDBInterface] 	0062    ALID=40002, ALCD=2, Enabled=1, SetEvent=1040002, ClearEvent=2040002
14:23:00 [Debug:LDBInterface] 	0063    ALID=40003, ALCD=2, Enabled=1, SetEvent=1040003, ClearEvent=2040003
14:23:00 [Debug:LDBInterface] 	0064    ALID=40004, ALCD=2, Enabled=1, SetEvent=1040004, ClearEvent=2040004
14:23:00 [Debug:LDBInterface] 	0065    ALID=40005, ALCD=2, Enabled=1, SetEvent=1040005, ClearEvent=2040005
14:23:00 [Debug:LDBInterface] 	0066    ALID=40006, ALCD=2, Enabled=1, SetEvent=1040006, ClearEvent=2040006
14:23:00 [Debug:LDBInterface] 	0067    ALID=40007, ALCD=2, Enabled=1, SetEvent=1040007, ClearEvent=2040007
14:23:00 [Debug:LDBInterface] 	0068    ALID=40008, ALCD=2, Enabled=1, SetEvent=1040008, ClearEvent=2040008
14:23:00 [Debug:LDBInterface] 	0069    ALID=40009, ALCD=2, Enabled=1, SetEvent=1040009, ClearEvent=2040009
14:23:00 [Debug:LDBInterface] 	0070    ALID=40011, ALCD=2, Enabled=1, SetEvent=1040011, ClearEvent=2040011
14:23:00 [Debug:LDBInterface] 	0071    ALID=50001, ALCD=2, Enabled=1, SetEvent=1050001, ClearEvent=2050001
14:23:00 [Debug:LDBInterface] 	0072    ALID=50002, ALCD=2, Enabled=1, SetEvent=1050002, ClearEvent=2050002
14:23:00 [Debug:LDBInterface] 	0073    ALID=50003, ALCD=2, Enabled=1, SetEvent=1050003, ClearEvent=2050003
14:23:00 [Debug:LDBInterface] 	0074    ALID=50004, ALCD=2, Enabled=1, SetEvent=1050004, ClearEvent=2050004
14:23:00 [Debug:LDBInterface] 	0075    ALID=50005, ALCD=2, Enabled=1, SetEvent=1050005, ClearEvent=2050005
14:23:00 [Debug:LDBInterface] 	0076    ALID=50006, ALCD=2, Enabled=1, SetEvent=1050006, ClearEvent=2050006
14:23:00 [Debug:LDBInterface] 	0077    ALID=50007, ALCD=2, Enabled=1, SetEvent=1050007, ClearEvent=2050007
14:23:00 [Debug:LDBInterface] 	0078    ALID=50008, ALCD=2, Enabled=1, SetEvent=1050008, ClearEvent=2050008
14:23:00 [Debug:LDBInterface] 	0079    ALID=50009, ALCD=2, Enabled=1, SetEvent=1050009, ClearEvent=2050009
14:23:00 [Debug:LDBInterface] 	0080    ALID=50011, ALCD=2, Enabled=1, SetEvent=1050011, ClearEvent=2050011
14:23:00 [Debug:LDBInterface] 	0081    ALID=50300, ALCD=2, Enabled=1, SetEvent=1050300, ClearEvent=2050300
14:23:00 [Debug:LDBInterface] 	0082    ALID=50301, ALCD=2, Enabled=1, SetEvent=1050301, ClearEvent=2050301
14:23:00 [Debug:LDBInterface] 	0083    ALID=50302, ALCD=2, Enabled=1, SetEvent=1050302, ClearEvent=2050302
14:23:00 [Debug:LDBInterface] 	0084    ALID=50303, ALCD=2, Enabled=1, SetEvent=1050303, ClearEvent=2050303
14:23:00 [Debug:LDBInterface] 	0085    ALID=50304, ALCD=2, Enabled=1, SetEvent=1050304, ClearEvent=2050304
14:23:00 [Debug:LDBInterface] 	0086    ALID=50305, ALCD=2, Enabled=1, SetEvent=1050305, ClearEvent=2050305
14:23:00 [Debug:LDBInterface] 	0087    ALID=50306, ALCD=2, Enabled=1, SetEvent=1050306, ClearEvent=2050306
14:23:00 [Debug:LDBInterface] 	0088    ALID=50307, ALCD=2, Enabled=1, SetEvent=1050307, ClearEvent=2050307
14:23:00 [Debug:LDBInterface] 	0089    ALID=50308, ALCD=2, Enabled=1, SetEvent=1050308, ClearEvent=2050308
14:23:00 [Debug:LDBInterface] 	0090    ALID=50309, ALCD=2, Enabled=1, SetEvent=1050309, ClearEvent=2050309
14:23:00 [Debug:LDBInterface] 	0091    ALID=50310, ALCD=2, Enabled=1, SetEvent=1050310, ClearEvent=2050310
14:23:00 [Debug:LDBInterface] 	0092    ALID=50311, ALCD=2, Enabled=1, SetEvent=1050311, ClearEvent=2050311
14:23:00 [Debug:LDBInterface] 	0093    ALID=50312, ALCD=2, Enabled=1, SetEvent=1050312, ClearEvent=2050312
14:23:00 [Debug:LDBInterface] 	0094    ALID=50313, ALCD=2, Enabled=1, SetEvent=1050313, ClearEvent=2050313
14:23:00 [Debug:LDBInterface] 	0095    ALID=50314, ALCD=2, Enabled=1, SetEvent=1050314, ClearEvent=2050314
14:23:00 [Debug:LDBInterface] 	0096    ALID=50315, ALCD=2, Enabled=1, SetEvent=1050315, ClearEvent=2050315
14:23:00 [Debug:LDBInterface] 	0097    ALID=60001, ALCD=2, Enabled=1, SetEvent=1060001, ClearEvent=2060001
14:23:00 [Debug:LDBInterface] 	0098    ALID=60002, ALCD=2, Enabled=1, SetEvent=1060002, ClearEvent=2060002
14:23:00 [Debug:LDBInterface] 	0099    ALID=60003, ALCD=2, Enabled=1, SetEvent=1060003, ClearEvent=2060003
14:23:00 [Debug:LDBInterface] 	0100    ALID=60004, ALCD=2, Enabled=1, SetEvent=1060004, ClearEvent=2060004
14:23:00 [Debug:LDBInterface] 	0101    ALID=60005, ALCD=2, Enabled=1, SetEvent=1060005, ClearEvent=2060005
14:23:00 [Debug:LDBInterface] 	0102    ALID=60006, ALCD=2, Enabled=1, SetEvent=1060006, ClearEvent=2060006
14:23:00 [Debug:LDBInterface] 	0103    ALID=60007, ALCD=2, Enabled=1, SetEvent=1060007, ClearEvent=2060007
14:23:00 [Debug:LDBInterface] 	0104    ALID=60008, ALCD=2, Enabled=1, SetEvent=1060008, ClearEvent=2060008
14:23:00 [Debug:LDBInterface] 	0105    ALID=60009, ALCD=2, Enabled=1, SetEvent=1060009, ClearEvent=2060009
14:23:00 [Debug:LDBInterface] 	0106    ALID=60011, ALCD=2, Enabled=1, SetEvent=1060011, ClearEvent=2060011
14:23:00 [Debug:LDBInterface] 	0107    ALID=60300, ALCD=2, Enabled=1, SetEvent=1060300, ClearEvent=2060300
14:23:00 [Debug:LDBInterface] 	0108    ALID=70001, ALCD=2, Enabled=1, SetEvent=1070001, ClearEvent=2070001
14:23:00 [Debug:LDBInterface] 	0109    ALID=70002, ALCD=2, Enabled=1, SetEvent=1070002, ClearEvent=2070002
14:23:00 [Debug:LDBInterface] 	0110    ALID=70003, ALCD=2, Enabled=1, SetEvent=1070003, ClearEvent=2070003
14:23:00 [Debug:LDBInterface] 	0111    ALID=70004, ALCD=2, Enabled=1, SetEvent=1070004, ClearEvent=2070004
14:23:00 [Debug:LDBInterface] 	0112    ALID=70005, ALCD=2, Enabled=1, SetEvent=1070005, ClearEvent=2070005
14:23:00 [Debug:LDBInterface] 	0113    ALID=70006, ALCD=2, Enabled=1, SetEvent=1070006, ClearEvent=2070006
14:23:00 [Debug:LDBInterface] 	0114    ALID=70007, ALCD=2, Enabled=1, SetEvent=1070007, ClearEvent=2070007
14:23:00 [Debug:LDBInterface] 	0115    ALID=70008, ALCD=2, Enabled=1, SetEvent=1070008, ClearEvent=2070008
14:23:00 [Debug:LDBInterface] 	0116    ALID=70009, ALCD=2, Enabled=1, SetEvent=1070009, ClearEvent=2070009
14:23:00 [Debug:LDBInterface] 	0117    ALID=70011, ALCD=2, Enabled=1, SetEvent=1070011, ClearEvent=2070011
14:23:00 [Debug:LDBInterface] 	0118    ALID=70300, ALCD=2, Enabled=1, SetEvent=1070300, ClearEvent=2070300
14:23:00 [Debug:LDBInterface] 	0119    ALID=70301, ALCD=2, Enabled=1, SetEvent=1070301, ClearEvent=2070301
14:23:00 [Debug:LDBInterface] 	0120    ALID=70302, ALCD=2, Enabled=1, SetEvent=1070302, ClearEvent=2070302
14:23:00 [Debug:LDBInterface] 	0121    ALID=70303, ALCD=2, Enabled=1, SetEvent=1070303, ClearEvent=2070303
14:23:00 [Debug:LDBInterface] 	0122    ALID=70304, ALCD=2, Enabled=1, SetEvent=1070304, ClearEvent=2070304
14:23:00 [Debug:LDBInterface] 	0123    ALID=70305, ALCD=2, Enabled=1, SetEvent=1070305, ClearEvent=2070305
14:23:00 [Debug:LDBInterface] 	0124    ALID=70306, ALCD=2, Enabled=1, SetEvent=1070306, ClearEvent=2070306
14:23:00 [Debug:LDBInterface] 	0125    ALID=70307, ALCD=2, Enabled=1, SetEvent=1070307, ClearEvent=2070307
14:23:00 [Debug:LDBInterface] 	0126    ALID=80001, ALCD=2, Enabled=1, SetEvent=1080001, ClearEvent=2080001
14:23:00 [Debug:LDBInterface] 	0127    ALID=80002, ALCD=2, Enabled=1, SetEvent=1080002, ClearEvent=2080002
14:23:00 [Debug:LDBInterface] 	0128    ALID=80003, ALCD=2, Enabled=1, SetEvent=1080003, ClearEvent=2080003
14:23:00 [Debug:LDBInterface] 	0129    ALID=80004, ALCD=2, Enabled=1, SetEvent=1080004, ClearEvent=2080004
14:23:00 [Debug:LDBInterface] 	0130    ALID=80005, ALCD=2, Enabled=1, SetEvent=1080005, ClearEvent=2080005
14:23:00 [Debug:LDBInterface] 	0131    ALID=80006, ALCD=2, Enabled=1, SetEvent=1080006, ClearEvent=2080006
14:23:00 [Debug:LDBInterface] 	0132    ALID=80007, ALCD=2, Enabled=1, SetEvent=1080007, ClearEvent=2080007
14:23:00 [Debug:LDBInterface] 	0133    ALID=80008, ALCD=2, Enabled=1, SetEvent=1080008, ClearEvent=2080008
14:23:00 [Debug:LDBInterface] 	0134    ALID=80009, ALCD=2, Enabled=1, SetEvent=1080009, ClearEvent=2080009
14:23:00 [Debug:LDBInterface] 	0135    ALID=80011, ALCD=2, Enabled=1, SetEvent=1080011, ClearEvent=2080011
14:23:00 [Debug:LDBInterface] 	0136    ALID=90001, ALCD=2, Enabled=1, SetEvent=1090001, ClearEvent=2090001
14:23:00 [Debug:LDBInterface] 	0137    ALID=90002, ALCD=2, Enabled=1, SetEvent=1090002, ClearEvent=2090002
14:23:00 [Debug:LDBInterface] 	0138    ALID=90003, ALCD=2, Enabled=1, SetEvent=1090003, ClearEvent=2090003
14:23:00 [Debug:LDBInterface] 	0139    ALID=90004, ALCD=2, Enabled=1, SetEvent=1090004, ClearEvent=2090004
14:23:00 [Debug:LDBInterface] 	0140    ALID=90005, ALCD=2, Enabled=1, SetEvent=1090005, ClearEvent=2090005
14:23:00 [Debug:LDBInterface] 	0141    ALID=90006, ALCD=2, Enabled=1, SetEvent=1090006, ClearEvent=2090006
14:23:00 [Debug:LDBInterface] 	0142    ALID=90007, ALCD=2, Enabled=1, SetEvent=1090007, ClearEvent=2090007
14:23:00 [Debug:LDBInterface] 	0143    ALID=90008, ALCD=2, Enabled=1, SetEvent=1090008, ClearEvent=2090008
14:23:00 [Debug:LDBInterface] 	0144    ALID=90009, ALCD=2, Enabled=1, SetEvent=1090009, ClearEvent=2090009
14:23:00 [Debug:LDBInterface] 	0145    ALID=90011, ALCD=2, Enabled=1, SetEvent=1090011, ClearEvent=2090011
14:23:00 [Debug:LDBInterface] 	0146    ALID=100001, ALCD=2, Enabled=1, SetEvent=1100001, ClearEvent=2100001
14:23:00 [Debug:LDBInterface] 	0147    ALID=100002, ALCD=2, Enabled=1, SetEvent=1100002, ClearEvent=2100002
14:23:00 [Debug:LDBInterface] 	0148    ALID=100003, ALCD=2, Enabled=1, SetEvent=1100003, ClearEvent=2100003
14:23:00 [Debug:LDBInterface] 	0149    ALID=100004, ALCD=2, Enabled=1, SetEvent=1100004, ClearEvent=2100004
14:23:00 [Debug:LDBInterface] 	0150    ALID=100005, ALCD=2, Enabled=1, SetEvent=1100005, ClearEvent=2100005
14:23:00 [Debug:LDBInterface] 	0151    ALID=100006, ALCD=2, Enabled=1, SetEvent=1100006, ClearEvent=2100006
14:23:00 [Debug:LDBInterface] 	0152    ALID=100007, ALCD=2, Enabled=1, SetEvent=1100007, ClearEvent=2100007
14:23:00 [Debug:LDBInterface] 	0153    ALID=100008, ALCD=2, Enabled=1, SetEvent=1100008, ClearEvent=2100008
14:23:00 [Debug:LDBInterface] 	0154    ALID=100009, ALCD=2, Enabled=1, SetEvent=1100009, ClearEvent=2100009
14:23:00 [Debug:LDBInterface] 	0155    ALID=100011, ALCD=2, Enabled=1, SetEvent=1100011, ClearEvent=2100011
14:23:00 [Debug:LDBInterface] 	0156    ALID=100300, ALCD=2, Enabled=1, SetEvent=1100300, ClearEvent=2100300
14:23:00 [Debug:LDBInterface] 	0157    ALID=110001, ALCD=2, Enabled=1, SetEvent=1110001, ClearEvent=2110001
14:23:00 [Debug:LDBInterface] 	0158    ALID=110002, ALCD=2, Enabled=1, SetEvent=1110002, ClearEvent=2110002
14:23:00 [Debug:LDBInterface] 	0159    ALID=110003, ALCD=2, Enabled=1, SetEvent=1110003, ClearEvent=2110003
14:23:00 [Debug:LDBInterface] 	0160    ALID=110004, ALCD=2, Enabled=1, SetEvent=1110004, ClearEvent=2110004
14:23:00 [Debug:LDBInterface] 	0161    ALID=110005, ALCD=2, Enabled=1, SetEvent=1110005, ClearEvent=2110005
14:23:00 [Debug:LDBInterface] 	0162    ALID=110006, ALCD=2, Enabled=1, SetEvent=1110006, ClearEvent=2110006
14:23:00 [Debug:LDBInterface] 	0163    ALID=110007, ALCD=2, Enabled=1, SetEvent=1110007, ClearEvent=2110007
14:23:00 [Debug:LDBInterface] 	0164    ALID=110008, ALCD=2, Enabled=1, SetEvent=1110008, ClearEvent=2110008
14:23:00 [Debug:LDBInterface] 	0165    ALID=110009, ALCD=2, Enabled=1, SetEvent=1110009, ClearEvent=2110009
14:23:00 [Debug:LDBInterface] 	0166    ALID=110011, ALCD=2, Enabled=1, SetEvent=1110011, ClearEvent=2110011
14:23:00 [Debug:LDBInterface] 	0167    ALID=110300, ALCD=2, Enabled=1, SetEvent=1110300, ClearEvent=2110300
14:23:00 [Debug:LDBInterface] 	0168    ALID=110301, ALCD=2, Enabled=1, SetEvent=1110301, ClearEvent=2110301
14:23:00 [Debug:LDBInterface] 	0169    ALID=110302, ALCD=2, Enabled=1, SetEvent=1110302, ClearEvent=2110302
14:23:00 [Debug:LDBInterface] 	0170    ALID=110303, ALCD=2, Enabled=1, SetEvent=1110303, ClearEvent=2110303
14:23:00 [Debug:LDBInterface] 	0171    ALID=110304, ALCD=2, Enabled=1, SetEvent=1110304, ClearEvent=2110304
14:23:00 [Debug:LDBInterface] 	0172    ALID=110305, ALCD=2, Enabled=1, SetEvent=1110305, ClearEvent=2110305
14:23:00 [Debug:LDBInterface] 	0173    ALID=110306, ALCD=2, Enabled=1, SetEvent=1110306, ClearEvent=2110306
14:23:00 [Debug:LDBInterface] 	0174    ALID=110307, ALCD=2, Enabled=1, SetEvent=1110307, ClearEvent=2110307
14:23:00 [Debug:LDBInterface] 	0175    ALID=110308, ALCD=2, Enabled=1, SetEvent=1110308, ClearEvent=2110308
14:23:00 [Debug:LDBInterface] 	0176    ALID=110309, ALCD=2, Enabled=1, SetEvent=1110309, ClearEvent=2110309
14:23:00 [Debug:LDBInterface] 	0177    ALID=120001, ALCD=2, Enabled=1, SetEvent=1120001, ClearEvent=2120001
14:23:00 [Debug:LDBInterface] 	0178    ALID=120002, ALCD=2, Enabled=1, SetEvent=1120002, ClearEvent=2120002
14:23:00 [Debug:LDBInterface] 	0179    ALID=120003, ALCD=2, Enabled=1, SetEvent=1120003, ClearEvent=2120003
14:23:00 [Debug:LDBInterface] 	0180    ALID=120004, ALCD=2, Enabled=1, SetEvent=1120004, ClearEvent=2120004
14:23:00 [Debug:LDBInterface] 	0181    ALID=120005, ALCD=2, Enabled=1, SetEvent=1120005, ClearEvent=2120005
14:23:00 [Debug:LDBInterface] 	0182    ALID=120006, ALCD=2, Enabled=1, SetEvent=1120006, ClearEvent=2120006
14:23:00 [Debug:LDBInterface] 	0183    ALID=120007, ALCD=2, Enabled=1, SetEvent=1120007, ClearEvent=2120007
14:23:00 [Debug:LDBInterface] 	0184    ALID=120008, ALCD=2, Enabled=1, SetEvent=1120008, ClearEvent=2120008
14:23:00 [Debug:LDBInterface] 	0185    ALID=120009, ALCD=2, Enabled=1, SetEvent=1120009, ClearEvent=2120009
14:23:00 [Debug:LDBInterface] 	0186    ALID=120011, ALCD=2, Enabled=1, SetEvent=1120011, ClearEvent=2120011
14:23:00 [Debug:LDBInterface] 	0187    ALID=120300, ALCD=2, Enabled=1, SetEvent=1120300, ClearEvent=2120300
14:23:00 [Debug:LDBInterface] 	0188    ALID=120301, ALCD=2, Enabled=1, SetEvent=1120301, ClearEvent=2120301
14:23:00 [Debug:LDBInterface] 	0189    ALID=120302, ALCD=2, Enabled=1, SetEvent=1120302, ClearEvent=2120302
14:23:00 [Debug:LDBInterface] 	0190    ALID=120303, ALCD=2, Enabled=1, SetEvent=1120303, ClearEvent=2120303
14:23:00 [Debug:LDBInterface] 	0191    ALID=120304, ALCD=2, Enabled=1, SetEvent=1120304, ClearEvent=2120304
14:23:00 [Debug:LDBInterface] 	0192    ALID=120305, ALCD=2, Enabled=1, SetEvent=1120305, ClearEvent=2120305
14:23:00 [Debug:LDBInterface] 	0193    ALID=120306, ALCD=7, Enabled=1, SetEvent=1120306, ClearEvent=2120306
14:23:00 [Debug:LDBInterface] 	0194    ALID=120307, ALCD=2, Enabled=1, SetEvent=1120307, ClearEvent=2120307
14:23:00 [Debug:LDBInterface] 	0195    ALID=120308, ALCD=2, Enabled=1, SetEvent=1120308, ClearEvent=2120308
14:23:00 [Debug:LDBInterface] 	0196    ALID=120309, ALCD=2, Enabled=1, SetEvent=1120309, ClearEvent=2120309
14:23:00 [Debug:LDBInterface] 	0197    ALID=120310, ALCD=2, Enabled=1, SetEvent=1120310, ClearEvent=2120310
14:23:00 [Debug:LDBInterface] 	0198    ALID=120311, ALCD=2, Enabled=1, SetEvent=1120311, ClearEvent=2120311
14:23:00 [Debug:LDBInterface] 	0199    ALID=120312, ALCD=2, Enabled=1, SetEvent=1120312, ClearEvent=2120312
14:23:00 [Debug:LDBInterface] 	0200    ALID=120313, ALCD=2, Enabled=1, SetEvent=1120313, ClearEvent=2120313
14:23:00 [Debug:LDBInterface] 	0201    ALID=120314, ALCD=2, Enabled=1, SetEvent=1120314, ClearEvent=2120314
14:23:00 [Debug:LDBInterface] 	0202    ALID=120315, ALCD=2, Enabled=1, SetEvent=1120315, ClearEvent=2120315
14:23:00 [Debug:LDBInterface] 	0203    ALID=120316, ALCD=2, Enabled=1, SetEvent=1120316, ClearEvent=2120316
14:23:00 [Debug:LDBInterface] 	0204    ALID=120317, ALCD=2, Enabled=1, SetEvent=1120317, ClearEvent=2120317
14:23:00 [Debug:LDBInterface] 	0205    ALID=120318, ALCD=7, Enabled=1, SetEvent=1120318, ClearEvent=2120318
14:23:00 [Debug:LDBInterface] 	0206    ALID=120320, ALCD=2, Enabled=1, SetEvent=1120320, ClearEvent=2120320
14:23:00 [Debug:LDBInterface] 	0207    ALID=130306, ALCD=2, Enabled=1, SetEvent=1130306, ClearEvent=2130306
14:23:00 [Debug:LDBInterface] 	0208    ALID=130307, ALCD=2, Enabled=1, SetEvent=1130307, ClearEvent=2130307
14:23:00 [Debug:LDBInterface] 	0209    ALID=130308, ALCD=2, Enabled=1, SetEvent=1130308, ClearEvent=2130308
14:23:00 [Debug:LDBInterface] 	0210    ALID=130309, ALCD=2, Enabled=1, SetEvent=1130309, ClearEvent=2130309
14:23:00 [Debug:LDBInterface] 	0211    ALID=130310, ALCD=2, Enabled=1, SetEvent=1130310, ClearEvent=2130310
14:23:00 [Debug:LDBInterface] 	0212    ALID=130311, ALCD=2, Enabled=1, SetEvent=1130311, ClearEvent=2130311
14:23:00 [Debug:LDBInterface] 	0213    ALID=130312, ALCD=2, Enabled=1, SetEvent=1130312, ClearEvent=2130312
14:23:00 [Debug:LDBInterface] 	0214    ALID=130313, ALCD=2, Enabled=1, SetEvent=1130313, ClearEvent=2130313
14:23:00 [Debug:LDBInterface] 	0215    ALID=130314, ALCD=2, Enabled=1, SetEvent=1130314, ClearEvent=2130314
14:23:00 [Debug:LDBInterface] 	0216    ALID=140306, ALCD=2, Enabled=1, SetEvent=1140306, ClearEvent=2140306
14:23:00 [Debug:LDBInterface] 	0217    ALID=140307, ALCD=2, Enabled=1, SetEvent=1140307, ClearEvent=2140307
14:23:00 [Debug:LDBInterface] 	0218    ALID=140308, ALCD=2, Enabled=1, SetEvent=1140308, ClearEvent=2140308
14:23:00 [Debug:LDBInterface] 	0219    ALID=140309, ALCD=2, Enabled=1, SetEvent=1140309, ClearEvent=2140309
14:23:00 [Debug:LDBInterface] 	0220    ALID=140310, ALCD=2, Enabled=1, SetEvent=1140310, ClearEvent=2140310
14:23:00 [Debug:LDBInterface] 	0221    ALID=140311, ALCD=2, Enabled=1, SetEvent=1140311, ClearEvent=2140311
14:23:00 [Debug:LDBInterface] 	0222    ALID=140312, ALCD=2, Enabled=1, SetEvent=1140312, ClearEvent=2140312
14:23:00 [Debug:LDBInterface] 	0223    ALID=140313, ALCD=2, Enabled=1, SetEvent=1140313, ClearEvent=2140313
14:23:00 [Debug:LDBInterface] 	0224    ALID=140314, ALCD=2, Enabled=1, SetEvent=1140314, ClearEvent=2140314
14:23:00 [Debug:LDBInterface] 	0225    ALID=150300, ALCD=2, Enabled=1, SetEvent=1150300, ClearEvent=2150300
14:23:00 [Debug:LDBInterface] 	0226    ALID=150301, ALCD=2, Enabled=1, SetEvent=1150301, ClearEvent=2150301
14:23:00 [Debug:LDBInterface] 	0227    ALID=150302, ALCD=2, Enabled=1, SetEvent=1150302, ClearEvent=2150302
14:23:00 [Debug:LDBInterface] 	0228    ALID=150303, ALCD=2, Enabled=1, SetEvent=1150303, ClearEvent=2150303
14:23:00 [Debug:LDBInterface] 	0229    ALID=150304, ALCD=2, Enabled=1, SetEvent=1150304, ClearEvent=2150304
14:23:00 [Debug:LDBInterface] 	0230    ALID=150305, ALCD=2, Enabled=1, SetEvent=1150305, ClearEvent=2150305
14:23:00 [Debug:LDBInterface] 	0231    ALID=150306, ALCD=2, Enabled=1, SetEvent=1150306, ClearEvent=2150306
14:23:00 [Debug:LDBInterface] 	0232    ALID=150307, ALCD=2, Enabled=1, SetEvent=1150307, ClearEvent=2150307
14:23:00 [Debug:LDBInterface] 	0233    ALID=160300, ALCD=2, Enabled=1, SetEvent=1160300, ClearEvent=2160300
14:23:00 [Debug:LDBInterface] 	0234    ALID=160301, ALCD=2, Enabled=1, SetEvent=1160301, ClearEvent=2160301
14:23:00 [Debug:LDBInterface] 	0235    ALID=160302, ALCD=2, Enabled=1, SetEvent=1160302, ClearEvent=2160302
14:23:00 [Debug:LDBInterface] 	0236    ALID=160303, ALCD=2, Enabled=1, SetEvent=1160303, ClearEvent=2160303
14:23:00 [Debug:LDBInterface] 	0237    ALID=160304, ALCD=2, Enabled=1, SetEvent=1160304, ClearEvent=2160304
14:23:00 [Debug:LDBInterface] 	0238    ALID=160305, ALCD=2, Enabled=1, SetEvent=1160305, ClearEvent=2160305
14:23:00 [Debug:LDBInterface] 	0239    ALID=160306, ALCD=2, Enabled=1, SetEvent=1160306, ClearEvent=2160306
14:23:00 [Debug:LDBInterface] 	0240    ALID=160307, ALCD=2, Enabled=1, SetEvent=1160307, ClearEvent=2160307
14:23:00 [Debug:LDBInterface] 	0241    ALID=160308, ALCD=2, Enabled=1, SetEvent=1160308, ClearEvent=2160308
14:23:00 [Debug:LDBInterface] 	0242    ALID=160310, ALCD=2, Enabled=1, SetEvent=1160310, ClearEvent=2160310
14:23:00 [Debug:LDBInterface] 	0243    ALID=160311, ALCD=2, Enabled=1, SetEvent=1160311, ClearEvent=2160311
14:23:00 [Debug:LDBInterface] 	0244    ALID=160312, ALCD=2, Enabled=1, SetEvent=1160312, ClearEvent=2160312
14:23:00 [Debug:LDBInterface] 	0245    ALID=160313, ALCD=2, Enabled=1, SetEvent=1160313, ClearEvent=2160313
14:23:00 [Debug:LDBInterface] 	0246    ALID=160314, ALCD=2, Enabled=1, SetEvent=1160314, ClearEvent=2160314
14:23:00 [Debug:LDBInterface] 	0247    ALID=160315, ALCD=7, Enabled=1, SetEvent=1160315, ClearEvent=2160315
14:23:00 [Debug:LDBInterface] 	0248    ALID=160316, ALCD=7, Enabled=1, SetEvent=1160316, ClearEvent=2160316
14:23:00 [Debug:LDBInterface] 	0249    ALID=160317, ALCD=2, Enabled=1, SetEvent=1160317, ClearEvent=2160317
14:23:00 [Debug:LDBInterface] 	0250    ALID=550001, ALCD=7, Enabled=1, SetEvent=1550001, ClearEvent=2550001
14:23:00 [Debug:LDBInterface] 	0251    ALID=550002, ALCD=7, Enabled=1, SetEvent=1550002, ClearEvent=2550002
14:23:00 [Debug:LDBInterface] 	0252    ALID=550003, ALCD=7, Enabled=1, SetEvent=1550003, ClearEvent=2550003
14:23:00 [Debug:LDBInterface] 	0253    ALID=550004, ALCD=7, Enabled=1, SetEvent=1550004, ClearEvent=2550004
14:23:00 [Debug:LDBInterface] 	0254    ALID=550005, ALCD=7, Enabled=1, SetEvent=1550005, ClearEvent=2550005
14:23:00 [Debug:LDBInterface] 	0255    ALID=550006, ALCD=7, Enabled=1, SetEvent=1550006, ClearEvent=2550006
14:23:00 [Debug:LDBInterface] 	0256    ALID=560001, ALCD=7, Enabled=1, SetEvent=1560001, ClearEvent=2560001
14:23:00 [Debug:LDBInterface] 	0257    ALID=560002, ALCD=7, Enabled=1, SetEvent=1560002, ClearEvent=2560002
14:23:00 [Debug:LDBInterface] 	0258    ALID=570001, ALCD=7, Enabled=1, SetEvent=1570001, ClearEvent=2570001
14:23:00 [Debug:LDBInterface] 	0259    ALID=570002, ALCD=7, Enabled=1, SetEvent=1570002, ClearEvent=2570002
14:23:00 [Debug:LDBInterface] 	0260    ALID=570003, ALCD=7, Enabled=1, SetEvent=1570003, ClearEvent=2570003
14:23:00 [Debug:LDBInterface] 	0261    ALID=900000, ALCD=7, Enabled=1, SetEvent=1900000, ClearEvent=2900000
14:23:00 [Debug:LDBInterface] 	0262    ALID=900001, ALCD=7, Enabled=1, SetEvent=1900001, ClearEvent=2900001
14:23:00 [Debug:LDBInterface] 	0263    ALID=900002, ALCD=7, Enabled=1, SetEvent=1900002, ClearEvent=2900002
14:23:00 [Debug:LDBInterface] 	0264    ALID=900003, ALCD=7, Enabled=1, SetEvent=1900003, ClearEvent=2900003
14:23:00 [Debug:LDBInterface] 	0265    ALID=900004, ALCD=7, Enabled=1, SetEvent=1900004, ClearEvent=2900004
14:23:00 [Debug:LDBInterface] 	0266    ALID=900005, ALCD=7, Enabled=1, SetEvent=1900005, ClearEvent=2900005
14:23:00 [Debug:LDBInterface] 	0267    ALID=900006, ALCD=7, Enabled=1, SetEvent=1900006, ClearEvent=2900006
14:23:00 [Debug:LDBInterface] 	0268    ALID=900007, ALCD=7, Enabled=1, SetEvent=1900007, ClearEvent=2900007
14:23:00 [Debug:LDBInterface] 	0269    ALID=900008, ALCD=1, Enabled=1, SetEvent=1900008, ClearEvent=2900008
14:23:00 [Debug:LDBInterface] 	0270    ALID=900009, ALCD=1, Enabled=1, SetEvent=1900009, ClearEvent=2900009
14:23:00 [Debug:LDBInterface] 	0271    ALID=900010, ALCD=1, Enabled=1, SetEvent=1900010, ClearEvent=2900010
14:23:00 [Debug:LDBInterface] 	0272    ALID=900300, ALCD=7, Enabled=1, SetEvent=1900300, ClearEvent=2900300
14:23:00 [Debug:LDBInterface] 	0273    ALID=900301, ALCD=7, Enabled=1, SetEvent=1900301, ClearEvent=2900301
14:23:00 [Debug:LDBInterface] 	0274    ALID=900302, ALCD=7, Enabled=1, SetEvent=1900302, ClearEvent=2900302
14:23:00 [Debug:LDBInterface] 	0275    ALID=900303, ALCD=7, Enabled=1, SetEvent=1900303, ClearEvent=2900303
14:23:00 [Debug:LDBInterface] 	0276    ALID=900304, ALCD=7, Enabled=1, SetEvent=1900304, ClearEvent=2900304
14:23:00 [Debug:LDBInterface] 	0277    ALID=900305, ALCD=7, Enabled=1, SetEvent=1900305, ClearEvent=2900305
14:23:00 [Debug:LDBInterface] 	0278    ALID=900306, ALCD=7, Enabled=1, SetEvent=1900306, ClearEvent=2900306
14:23:00 [Debug:LDBInterface] 	0279    ALID=900307, ALCD=7, Enabled=1, SetEvent=1900307, ClearEvent=2900307
14:23:00 [Debug:LDBInterface] 	0280    ALID=900308, ALCD=7, Enabled=1, SetEvent=1900308, ClearEvent=2900308
14:23:00 [Debug:LDBInterface] 	0281    ALID=900309, ALCD=7, Enabled=1, SetEvent=1900309, ClearEvent=2900309
14:23:00 [Debug:LDBInterface] 	0282    ALID=900310, ALCD=7, Enabled=1, SetEvent=1900310, ClearEvent=2900310
14:23:00 [Debug:LDBInterface] 	0283    ALID=900311, ALCD=7, Enabled=1, SetEvent=1900311, ClearEvent=2900311
14:23:00 [Debug:LDBInterface] 	0284    ALID=900312, ALCD=7, Enabled=1, SetEvent=1900312, ClearEvent=2900312
14:23:00 [Debug:LDBInterface] 	0285    ALID=900313, ALCD=7, Enabled=1, SetEvent=1900313, ClearEvent=2900313
14:23:00 [Debug:LDBInterface] 	0286    ALID=900314, ALCD=7, Enabled=1, SetEvent=1900314, ClearEvent=2900314
14:23:00 [Debug:LDBInterface] 	0287    ALID=900315, ALCD=7, Enabled=1, SetEvent=1900315, ClearEvent=2900315
14:23:00 [Debug:LDBInterface] 	0288    ALID=900316, ALCD=7, Enabled=1, SetEvent=1900316, ClearEvent=2900316
14:23:00 [Debug:LDBInterface] 	0289    ALID=900317, ALCD=7, Enabled=1, SetEvent=1900317, ClearEvent=2900317
14:23:00 [Debug:LDBInterface] 	0290    ALID=900318, ALCD=7, Enabled=1, SetEvent=1900318, ClearEvent=2900318
14:23:00 [Debug:LDBInterface] 	0291    ALID=900319, ALCD=7, Enabled=1, SetEvent=1900319, ClearEvent=2900319
14:23:00 [Debug:LDBInterface] 	0292    ALID=900320, ALCD=7, Enabled=1, SetEvent=1900320, ClearEvent=2900320
14:23:00 [Debug:LDBInterface] 	0293    ALID=990000, ALCD=7, Enabled=1, SetEvent=1990000, ClearEvent=2990000
14:23:00 [Debug:LDBInterface] 	0294    ALID=998000, ALCD=7, Enabled=1, SetEvent=1998000, ClearEvent=2998000
14:23:00 [Debug:LDBInterface] 	0295    ALID=999999, ALCD=7, Enabled=1, SetEvent=1999999, ClearEvent=2999999
14:23:00 [Debug:LDBInterface] Complete to reading alarm information from database(mdb file).
14:23:00 [Debug:LDBInterface] Start to reading User Defined Message from database(mdb file).
14:23:00 [Debug:LDBInterface] 	0000    Stream=7, Function=1, Notify=FALSE
14:23:00 [Debug:LDBInterface] 	0001    Stream=7, Function=2, Notify=FALSE
14:23:00 [Debug:LDBInterface] 	0002    Stream=7, Function=3, Notify=FALSE
14:23:00 [Debug:LDBInterface] 	0003    Stream=7, Function=4, Notify=FALSE
14:23:00 [Debug:LDBInterface] Complete to reading User Defined Message from database(mdb file).
14:23:00 [Debug:LDBInterface] Start to reading Spool information from database(mdb file).
14:23:00 [Debug:LDBInterface] 	0000    Stream=-1, Function=-1
14:23:00 [Debug:LDBInterface] Complete to reading Spool information from database(mdb file).
14:23:00 [Debug:LDBInterface] Start to reading rcmd information from database(mdb file).
14:23:00 [Debug:LDBInterface] 	0000    RCommandID=RESET, CPNAME=NA:, CPVALTYPE=NA:
14:23:00 [Debug:LDBInterface] 	0001    RCommandID=START, CPNAME=L:{
         A:LANEID
         }, CPVALTYPE=L:{
         A:
         }
14:23:00 [Debug:LDBInterface] 	0002    RCommandID=STOP, CPNAME=L:{
         A:LANEID
         A:MSG
         }, CPVALTYPE=L:{
         A:
         A:
         }
14:23:00 [Debug:LDBInterface] Complete to reading rcmd information from database(mdb file).
14:23:00 [Proc:Seq] Initialize, Result = 0 th=2504
14:23:00 [Proc:Seq] Start, Result = 0 th=2504
14:23:00 [Proc:Seq] Eq connection state is changed from NotConnected to Connected th=2504
14:23:00 [Proc:Seq] receive message(GEMGetLicense), msgid(0) th=2504
14:23:00 [Proc:Seq] (E30->EQ) GEMGetLicense, LicenseName=XGemUnknown
14:23:00 [Proc:Seq] (EQ->E30) GEMGetLicense
14:23:00 [Proc:Seq] receive message(GEMGetParam), msgid(0) th=2504
14:23:00 [Alarm:-30251] VID:DefaultCommState does not exist th=2504
14:23:00 [Proc:Seq] OperationStep state is changed from NotInitialized to CheckedCommState th=2504
14:23:00 [Proc:Seq] (E30->EQ) GEMGetParam, Count=48
14:23:00 [Alarm:-30251] GEMGetParam th=2504
14:23:00 [Proc:Seq] receive message(GEMGetAttributeV), msgid(0) th=2504
14:23:00 [Proc:Seq] (E30->EQ) GEMGetAttributeV, Count:0
14:23:00 [Proc:Seq] (EQ->E30) GEMGetAttributeV
14:23:00 [Proc:Seq] receive message(GEMSetEstablish), msgid(0) th=2504
14:23:00 [Proc:Seq] Communication state is changed from NONE to WAIT CRA th=2504
14:23:01 [Proc:Seq] (E30->EQ) GEMCommStateChanged, State=4
14:23:01 [Proc:Seq] (EQ->E30) GEMSetEstablish, State=1
14:23:01 [Proc:Seq] (EQ->E30) GEMEQInitialized, InitType=1
